# JRE version: Java(TM) SE Runtime Environment (8.0_202-b08) (build 1.8.0_202-b08)
# Java VM: Java HotSpot(TM) 64-Bit Server VM (25.202-b08 mixed mode windows-amd64 compressed oops)
Heap:
 PSYoungGen      total 6656K, used 6144K [0x000000076dc00000, 0x000000076ee00000, 0x00000007c0000000)
  eden space 6144K, 100% used [0x000000076dc00000,0x000000076e200000,0x000000076e200000)
  from space 512K, 0% used [0x000000076e200000,0x000000076e200000,0x000000076e280000)
  to   space 3072K, 0% used [0x000000076eb00000,0x000000076eb00000,0x000000076ee00000)
 ParOldGen       total 5632K, used 5580K [0x00000006c9400000, 0x00000006c9980000, 0x000000076dc00000)
  object space 5632K, 99% used [0x00000006c9400000,0x00000006c9973340,0x00000006c9980000)
 Metaspace       used 7420K, capacity 8308K, committed 8448K, reserved 1056768K
  class space    used 897K, capacity 944K, committed 1024K, reserved 1048576K
GC Heap History (10 events):
Event: 0.299 GC heap after
Heap after GC invocations=3 (full 0):
 PSYoungGen      total 3584K, used 495K [0x000000076dc00000, 0x000000076e300000, 0x00000007c0000000)
  eden space 3072K, 0% used [0x000000076dc00000,0x000000076dc00000,0x000000076df00000)
  from space 512K, 96% used [0x000000076df00000,0x000000076df7bc20,0x000000076df80000)
  to   space 512K, 0% used [0x000000076e280000,0x000000076e280000,0x000000076e300000)
 ParOldGen       total 5632K, used 684K [0x00000006c9400000, 0x00000006c9980000, 0x000000076dc00000)
  object space 5632K, 12% used [0x00000006c9400000,0x00000006c94ab050,0x00000006c9980000)
 Metaspace       used 4966K, capacity 6284K, committed 6656K, reserved 1056768K
  class space    used 607K, capacity 648K, committed 768K, reserved 1048576K
}
Event: 0.367 GC heap before
{Heap before GC invocations=4 (full 0):
 PSYoungGen      total 3584K, used 3567K [0x000000076dc00000, 0x000000076e300000, 0x00000007c0000000)
  eden space 3072K, 100% used [0x000000076dc00000,0x000000076df00000,0x000000076df00000)
  from space 512K, 96% used [0x000000076df00000,0x000000076df7bc20,0x000000076df80000)
  to   space 512K, 0% used [0x000000076e280000,0x000000076e280000,0x000000076e300000)
 ParOldGen       total 5632K, used 684K [0x00000006c9400000, 0x00000006c9980000, 0x000000076dc00000)
  object space 5632K, 12% used [0x00000006c9400000,0x00000006c94ab050,0x00000006c9980000)
 Metaspace       used 6005K, capacity 7244K, committed 7552K, reserved 1056768K
  class space    used 755K, capacity 776K, committed 896K, reserved 1048576K
Event: 0.369 GC heap after
Heap after GC invocations=4 (full 0):
 PSYoungGen      total 6656K, used 496K [0x000000076dc00000, 0x000000076e300000, 0x00000007c0000000)
  eden space 6144K, 0% used [0x000000076dc00000,0x000000076dc00000,0x000000076e200000)
  from space 512K, 96% used [0x000000076e280000,0x000000076e2fc010,0x000000076e300000)
  to   space 512K, 0% used [0x000000076e200000,0x000000076e200000,0x000000076e280000)
 ParOldGen       total 5632K, used 932K [0x00000006c9400000, 0x00000006c9980000, 0x000000076dc00000)
  object space 5632K, 16% used [0x00000006c9400000,0x00000006c94e9050,0x00000006c9980000)
 Metaspace       used 6005K, capacity 7244K, committed 7552K, reserved 1056768K
  class space    used 755K, capacity 776K, committed 896K, reserved 1048576K
}
Event: 0.488 GC heap before
{Heap before GC invocations=5 (full 0):
 PSYoungGen      total 6656K, used 6640K [0x000000076dc00000, 0x000000076e300000, 0x00000007c0000000)
  eden space 6144K, 100% used [0x000000076dc00000,0x000000076e200000,0x000000076e200000)
  from space 512K, 96% used [0x000000076e280000,0x000000076e2fc010,0x000000076e300000)
  to   space 512K, 0% used [0x000000076e200000,0x000000076e200000,0x000000076e280000)
 ParOldGen       total 5632K, used 932K [0x00000006c9400000, 0x00000006c9980000, 0x000000076dc00000)
  object space 5632K, 16% used [0x00000006c9400000,0x00000006c94e9050,0x00000006c9980000)
 Metaspace       used 7233K, capacity 8180K, committed 8448K, reserved 1056768K
  class space    used 887K, capacity 944K, committed 1024K, reserved 1048576K
Event: 0.492 GC heap after
Heap after GC invocations=5 (full 0):
 PSYoungGen      total 6656K, used 512K [0x000000076dc00000, 0x000000076ee00000, 0x00000007c0000000)
  eden space 6144K, 0% used [0x000000076dc00000,0x000000076dc00000,0x000000076e200000)
  from space 512K, 100% used [0x000000076e200000,0x000000076e280000,0x000000076e280000)
  to   space 3072K, 0% used [0x000000076eb00000,0x000000076eb00000,0x000000076ee00000)
 ParOldGen       total 5632K, used 4262K [0x00000006c9400000, 0x00000006c9980000, 0x000000076dc00000)
  object space 5632K, 75% used [0x00000006c9400000,0x00000006c98299e0,0x00000006c9980000)
 Metaspace       used 7233K, capacity 8180K, committed 8448K, reserved 1056768K
  class space    used 887K, capacity 944K, committed 1024K, reserved 1048576K
}
Event: 0.492 GC heap before
{Heap before GC invocations=6 (full 1):
 PSYoungGen      total 6656K, used 512K [0x000000076dc00000, 0x000000076ee00000, 0x00000007c0000000)
  eden space 6144K, 0% used [0x000000076dc00000,0x000000076dc00000,0x000000076e200000)
  from space 512K, 100% used [0x000000076e200000,0x000000076e280000,0x000000076e280000)
  to   space 3072K, 0% used [0x000000076eb00000,0x000000076eb00000,0x000000076ee00000)
 ParOldGen       total 5632K, used 4262K [0x00000006c9400000, 0x00000006c9980000, 0x000000076dc00000)
  object space 5632K, 75% used [0x00000006c9400000,0x00000006c98299e0,0x00000006c9980000)
 Metaspace       used 7233K, capacity 8180K, committed 8448K, reserved 1056768K
  class space    used 887K, capacity 944K, committed 1024K, reserved 1048576K
Event: 0.539 GC heap after
Heap after GC invocations=6 (full 1):
 PSYoungGen      total 6656K, used 0K [0x000000076dc00000, 0x000000076ee00000, 0x00000007c0000000)
  eden space 6144K, 0% used [0x000000076dc00000,0x000000076dc00000,0x000000076e200000)
  from space 512K, 0% used [0x000000076e200000,0x000000076e200000,0x000000076e280000)
  to   space 3072K, 0% used [0x000000076eb00000,0x000000076eb00000,0x000000076ee00000)
 ParOldGen       total 5632K, used 4546K [0x00000006c9400000, 0x00000006c9980000, 0x000000076dc00000)
  object space 5632K, 80% used [0x00000006c9400000,0x00000006c9870898,0x00000006c9980000)
 Metaspace       used 7233K, capacity 8180K, committed 8448K, reserved 1056768K
  class space    used 887K, capacity 944K, committed 1024K, reserved 1048576K
}
Event: 0.585 GC heap before
{Heap before GC invocations=7 (full 2):
 PSYoungGen      total 6656K, used 6144K [0x000000076dc00000, 0x000000076ee00000, 0x00000007c0000000)
  eden space 6144K, 100% used [0x000000076dc00000,0x000000076e200000,0x000000076e200000)
  from space 512K, 0% used [0x000000076e200000,0x000000076e200000,0x000000076e280000)
  to   space 3072K, 0% used [0x000000076eb00000,0x000000076eb00000,0x000000076ee00000)
 ParOldGen       total 5632K, used 4546K [0x00000006c9400000, 0x00000006c9980000, 0x000000076dc00000)
  object space 5632K, 80% used [0x00000006c9400000,0x00000006c9870898,0x00000006c9980000)
 Metaspace       used 7252K, capacity 8180K, committed 8448K, reserved 1056768K
  class space    used 887K, capacity 944K, committed 1024K, reserved 1048576K
Event: 0.618 GC heap after
Heap after GC invocations=7 (full 2):
 PSYoungGen      total 6656K, used 837K [0x000000076dc00000, 0x000000076ee00000, 0x00000007c0000000)
  eden space 6144K, 13% used [0x000000076dc00000,0x000000076dcd1438,0x000000076e200000)
  from space 512K, 0% used [0x000000076e200000,0x000000076e200000,0x000000076e280000)
  to   space 3072K, 0% used [0x000000076eb00000,0x000000076eb00000,0x000000076ee00000)
 ParOldGen       total 5632K, used 5580K [0x00000006c9400000, 0x00000006c9980000, 0x000000076dc00000)
  object space 5632K, 99% used [0x00000006c9400000,0x00000006c9973340,0x00000006c9980000)
 Metaspace       used 7252K, capacity 8180K, committed 8448K, reserved 1056768K
  class space    used 887K, capacity 944K, committed 1024K, reserved 1048576K
}
Event: 0.665 GC heap before
{Heap before GC invocations=8 (full 3):
 PSYoungGen      total 6656K, used 6144K [0x000000076dc00000, 0x000000076ee00000, 0x00000007c0000000)
  eden space 6144K, 100% used [0x000000076dc00000,0x000000076e200000,0x000000076e200000)
  from space 512K, 0% used [0x000000076e200000,0x000000076e200000,0x000000076e280000)
  to   space 3072K, 0% used [0x000000076eb00000,0x000000076eb00000,0x000000076ee00000)
 ParOldGen       total 5632K, used 5580K [0x00000006c9400000, 0x00000006c9980000, 0x000000076dc00000)
  object space 5632K, 99% used [0x00000006c9400000,0x00000006c9973340,0x00000006c9980000)
 Metaspace       used 7420K, capacity 8308K, committed 8448K, reserved 1056768K
  class space    used 897K, capacity 944K, committed 1024K, reserved 1048576K

