# JRE version: OpenJDK Runtime Environment Temurin-17.0.9+9 (17.0.9+9) (build 17.0.9+9)
# Java VM: OpenJDK 64-Bit Server VM Temurin-17.0.9+9 (17.0.9+9, mixed mode, tiered, compressed oops, compressed class ptrs, parallel gc, windows-amd64)
GC Precious Log:
 CPUs: 16 total, 16 available
 Memory: 15791M
 Large Page Support: Disabled
 NUMA Support: Disabled
 Compressed Oops: Enabled (32-bit)
 Alignments: Space 512K, Generation 512K, Heap 2M
 Heap Min Capacity: 100M
 Heap Initial Capacity: 100M
 Heap Max Capacity: 1G
 Pre-touch: Disabled
 Parallel Workers: 13
Heap:
 PSYoungGen      total 10240K, used 6555K [0x00000000eab00000, 0x00000000eba00000, 0x0000000100000000)
  eden space 6144K, 40% used [0x00000000eab00000,0x00000000ead6adb8,0x00000000eb100000)
  from space 4096K, 99% used [0x00000000eb180000,0x00000000eb57c020,0x00000000eb580000)
  to   space 4608K, 0% used [0x00000000eb580000,0x00000000eb580000,0x00000000eba00000)
 ParOldGen       total 80384K, used 75908K [0x00000000c0000000, 0x00000000c4e80000, 0x00000000eab00000)
  object space 80384K, 94% used [0x00000000c0000000,0x00000000c4a21028,0x00000000c4e80000)
 Metaspace       used 67303K, committed 68480K, reserved 1114112K
  class space    used 7102K, committed 7616K, reserved 1048576K
GC Heap History (20 events):
Event: 8.551 GC heap before
{Heap before GC invocations=33 (full 3):
 PSYoungGen      total 22528K, used 15216K [0x00000000eab00000, 0x00000000ec280000, 0x0000000100000000)
  eden space 20992K, 67% used [0x00000000eab00000,0x00000000eb8e4240,0x00000000ebf80000)
  from space 1536K, 64% used [0x00000000ebf80000,0x00000000ec078000,0x00000000ec100000)
  to   space 1536K, 0% used [0x00000000ec100000,0x00000000ec100000,0x00000000ec280000)
 ParOldGen       total 68608K, used 29819K [0x00000000c0000000, 0x00000000c4300000, 0x00000000eab00000)
  object space 68608K, 43% used [0x00000000c0000000,0x00000000c1d1eca8,0x00000000c4300000)
 Metaspace       used 67178K, committed 68352K, reserved 1114112K
  class space    used 7101K, committed 7616K, reserved 1048576K
}
Event: 8.554 GC heap after
{Heap after GC invocations=33 (full 3):
 PSYoungGen      total 22016K, used 672K [0x00000000eab00000, 0x00000000ec200000, 0x0000000100000000)
  eden space 20992K, 0% used [0x00000000eab00000,0x00000000eab00000,0x00000000ebf80000)
  from space 1024K, 65% used [0x00000000ec100000,0x00000000ec1a8000,0x00000000ec200000)
  to   space 1024K, 0% used [0x00000000ec000000,0x00000000ec000000,0x00000000ec100000)
 ParOldGen       total 68608K, used 40843K [0x00000000c0000000, 0x00000000c4300000, 0x00000000eab00000)
  object space 68608K, 59% used [0x00000000c0000000,0x00000000c27e2f08,0x00000000c4300000)
 Metaspace       used 67178K, committed 68352K, reserved 1114112K
  class space    used 7101K, committed 7616K, reserved 1048576K
}
Event: 8.594 GC heap before
{Heap before GC invocations=34 (full 4):
 PSYoungGen      total 22016K, used 21664K [0x00000000eab00000, 0x00000000ec200000, 0x0000000100000000)
  eden space 20992K, 100% used [0x00000000eab00000,0x00000000ebf80000,0x00000000ebf80000)
  from space 1024K, 65% used [0x00000000ec100000,0x00000000ec1a8000,0x00000000ec200000)
  to   space 1024K, 0% used [0x00000000ec000000,0x00000000ec000000,0x00000000ec100000)
 ParOldGen       total 68608K, used 67173K [0x00000000c0000000, 0x00000000c4300000, 0x00000000eab00000)
  object space 68608K, 97% used [0x00000000c0000000,0x00000000c41994b8,0x00000000c4300000)
 Metaspace       used 67184K, committed 68416K, reserved 1114112K
  class space    used 7102K, committed 7616K, reserved 1048576K
}
Event: 8.626 GC heap after
{Heap after GC invocations=34 (full 4):
 PSYoungGen      total 21504K, used 0K [0x00000000eab00000, 0x00000000ec180000, 0x0000000100000000)
  eden space 20992K, 0% used [0x00000000eab00000,0x00000000eab00000,0x00000000ebf80000)
  from space 512K, 0% used [0x00000000ec000000,0x00000000ec000000,0x00000000ec080000)
  to   space 1024K, 0% used [0x00000000ec080000,0x00000000ec080000,0x00000000ec180000)
 ParOldGen       total 80384K, used 42212K [0x00000000c0000000, 0x00000000c4e80000, 0x00000000eab00000)
  object space 80384K, 52% used [0x00000000c0000000,0x00000000c2939028,0x00000000c4e80000)
 Metaspace       used 67184K, committed 68416K, reserved 1114112K
  class space    used 7102K, committed 7616K, reserved 1048576K
}
Event: 8.665 GC heap before
{Heap before GC invocations=35 (full 4):
 PSYoungGen      total 21504K, used 20992K [0x00000000eab00000, 0x00000000ec180000, 0x0000000100000000)
  eden space 20992K, 100% used [0x00000000eab00000,0x00000000ebf80000,0x00000000ebf80000)
  from space 512K, 0% used [0x00000000ec000000,0x00000000ec000000,0x00000000ec080000)
  to   space 1024K, 0% used [0x00000000ec080000,0x00000000ec080000,0x00000000ec180000)
 ParOldGen       total 80384K, used 42212K [0x00000000c0000000, 0x00000000c4e80000, 0x00000000eab00000)
  object space 80384K, 52% used [0x00000000c0000000,0x00000000c2939028,0x00000000c4e80000)
 Metaspace       used 67184K, committed 68416K, reserved 1114112K
  class space    used 7102K, committed 7616K, reserved 1048576K
}
Event: 8.672 GC heap after
{Heap after GC invocations=35 (full 4):
 PSYoungGen      total 4608K, used 1024K [0x00000000eab00000, 0x00000000ee380000, 0x0000000100000000)
  eden space 3584K, 0% used [0x00000000eab00000,0x00000000eab00000,0x00000000eae80000)
  from space 1024K, 100% used [0x00000000ec080000,0x00000000ec180000,0x00000000ec180000)
  to   space 18432K, 0% used [0x00000000eae80000,0x00000000eae80000,0x00000000ec080000)
 ParOldGen       total 80384K, used 56644K [0x00000000c0000000, 0x00000000c4e80000, 0x00000000eab00000)
  object space 80384K, 70% used [0x00000000c0000000,0x00000000c3751028,0x00000000c4e80000)
 Metaspace       used 67184K, committed 68416K, reserved 1114112K
  class space    used 7102K, committed 7616K, reserved 1048576K
}
Event: 8.678 GC heap before
{Heap before GC invocations=36 (full 4):
 PSYoungGen      total 4608K, used 4608K [0x00000000eab00000, 0x00000000ee380000, 0x0000000100000000)
  eden space 3584K, 100% used [0x00000000eab00000,0x00000000eae80000,0x00000000eae80000)
  from space 1024K, 100% used [0x00000000ec080000,0x00000000ec180000,0x00000000ec180000)
  to   space 18432K, 0% used [0x00000000eae80000,0x00000000eae80000,0x00000000ec080000)
 ParOldGen       total 80384K, used 56644K [0x00000000c0000000, 0x00000000c4e80000, 0x00000000eab00000)
  object space 80384K, 70% used [0x00000000c0000000,0x00000000c3751028,0x00000000c4e80000)
 Metaspace       used 67184K, committed 68416K, reserved 1114112K
  class space    used 7102K, committed 7616K, reserved 1048576K
}
Event: 8.680 GC heap after
{Heap after GC invocations=36 (full 4):
 PSYoungGen      total 6656K, used 2880K [0x00000000eab00000, 0x00000000ec100000, 0x0000000100000000)
  eden space 3584K, 0% used [0x00000000eab00000,0x00000000eab00000,0x00000000eae80000)
  from space 3072K, 93% used [0x00000000eae80000,0x00000000eb150000,0x00000000eb180000)
  to   space 7680K, 0% used [0x00000000eb980000,0x00000000eb980000,0x00000000ec100000)
 ParOldGen       total 80384K, used 57716K [0x00000000c0000000, 0x00000000c4e80000, 0x00000000eab00000)
  object space 80384K, 71% used [0x00000000c0000000,0x00000000c385d028,0x00000000c4e80000)
 Metaspace       used 67184K, committed 68416K, reserved 1114112K
  class space    used 7102K, committed 7616K, reserved 1048576K
}
Event: 8.685 GC heap before
{Heap before GC invocations=37 (full 4):
 PSYoungGen      total 6656K, used 6464K [0x00000000eab00000, 0x00000000ec100000, 0x0000000100000000)
  eden space 3584K, 100% used [0x00000000eab00000,0x00000000eae80000,0x00000000eae80000)
  from space 3072K, 93% used [0x00000000eae80000,0x00000000eb150000,0x00000000eb180000)
  to   space 7680K, 0% used [0x00000000eb980000,0x00000000eb980000,0x00000000ec100000)
 ParOldGen       total 80384K, used 57716K [0x00000000c0000000, 0x00000000c4e80000, 0x00000000eab00000)
  object space 80384K, 71% used [0x00000000c0000000,0x00000000c385d028,0x00000000c4e80000)
 Metaspace       used 67184K, committed 68416K, reserved 1114112K
  class space    used 7102K, committed 7616K, reserved 1048576K
}
Event: 8.688 GC heap after
{Heap after GC invocations=37 (full 4):
 PSYoungGen      total 6656K, used 2944K [0x00000000eab00000, 0x00000000ebc80000, 0x0000000100000000)
  eden space 3584K, 0% used [0x00000000eab00000,0x00000000eab00000,0x00000000eae80000)
  from space 3072K, 95% used [0x00000000eb980000,0x00000000ebc60000,0x00000000ebc80000)
  to   space 4096K, 0% used [0x00000000eb480000,0x00000000eb480000,0x00000000eb880000)
 ParOldGen       total 80384K, used 60516K [0x00000000c0000000, 0x00000000c4e80000, 0x00000000eab00000)
  object space 80384K, 75% used [0x00000000c0000000,0x00000000c3b19028,0x00000000c4e80000)
 Metaspace       used 67184K, committed 68416K, reserved 1114112K
  class space    used 7102K, committed 7616K, reserved 1048576K
}
Event: 8.694 GC heap before
{Heap before GC invocations=38 (full 4):
 PSYoungGen      total 6656K, used 6528K [0x00000000eab00000, 0x00000000ebc80000, 0x0000000100000000)
  eden space 3584K, 100% used [0x00000000eab00000,0x00000000eae80000,0x00000000eae80000)
  from space 3072K, 95% used [0x00000000eb980000,0x00000000ebc60000,0x00000000ebc80000)
  to   space 4096K, 0% used [0x00000000eb480000,0x00000000eb480000,0x00000000eb880000)
 ParOldGen       total 80384K, used 60516K [0x00000000c0000000, 0x00000000c4e80000, 0x00000000eab00000)
  object space 80384K, 75% used [0x00000000c0000000,0x00000000c3b19028,0x00000000c4e80000)
 Metaspace       used 67184K, committed 68416K, reserved 1114112K
  class space    used 7102K, committed 7616K, reserved 1048576K
}
Event: 8.696 GC heap after
{Heap after GC invocations=38 (full 4):
 PSYoungGen      total 6656K, used 2880K [0x00000000eab00000, 0x00000000eba00000, 0x0000000100000000)
  eden space 3584K, 0% used [0x00000000eab00000,0x00000000eab00000,0x00000000eae80000)
  from space 3072K, 93% used [0x00000000eb480000,0x00000000eb750000,0x00000000eb780000)
  to   space 2560K, 0% used [0x00000000eb780000,0x00000000eb780000,0x00000000eba00000)
 ParOldGen       total 80384K, used 63300K [0x00000000c0000000, 0x00000000c4e80000, 0x00000000eab00000)
  object space 80384K, 78% used [0x00000000c0000000,0x00000000c3dd1028,0x00000000c4e80000)
 Metaspace       used 67184K, committed 68416K, reserved 1114112K
  class space    used 7102K, committed 7616K, reserved 1048576K
}
Event: 8.701 GC heap before
{Heap before GC invocations=39 (full 4):
 PSYoungGen      total 6656K, used 6464K [0x00000000eab00000, 0x00000000eba00000, 0x0000000100000000)
  eden space 3584K, 100% used [0x00000000eab00000,0x00000000eae80000,0x00000000eae80000)
  from space 3072K, 93% used [0x00000000eb480000,0x00000000eb750000,0x00000000eb780000)
  to   space 2560K, 0% used [0x00000000eb780000,0x00000000eb780000,0x00000000eba00000)
 ParOldGen       total 80384K, used 63300K [0x00000000c0000000, 0x00000000c4e80000, 0x00000000eab00000)
  object space 80384K, 78% used [0x00000000c0000000,0x00000000c3dd1028,0x00000000c4e80000)
 Metaspace       used 67184K, committed 68416K, reserved 1114112K
  class space    used 7102K, committed 7616K, reserved 1048576K
}
Event: 8.704 GC heap after
{Heap after GC invocations=39 (full 4):
 PSYoungGen      total 7168K, used 2560K [0x00000000eab00000, 0x00000000ebb80000, 0x0000000100000000)
  eden space 4608K, 0% used [0x00000000eab00000,0x00000000eab00000,0x00000000eaf80000)
  from space 2560K, 100% used [0x00000000eb780000,0x00000000eba00000,0x00000000eba00000)
  to   space 6144K, 0% used [0x00000000eaf80000,0x00000000eaf80000,0x00000000eb580000)
 ParOldGen       total 80384K, used 66196K [0x00000000c0000000, 0x00000000c4e80000, 0x00000000eab00000)
  object space 80384K, 82% used [0x00000000c0000000,0x00000000c40a5028,0x00000000c4e80000)
 Metaspace       used 67184K, committed 68416K, reserved 1114112K
  class space    used 7102K, committed 7616K, reserved 1048576K
}
Event: 8.711 GC heap before
{Heap before GC invocations=40 (full 4):
 PSYoungGen      total 7168K, used 7168K [0x00000000eab00000, 0x00000000ebb80000, 0x0000000100000000)
  eden space 4608K, 100% used [0x00000000eab00000,0x00000000eaf80000,0x00000000eaf80000)
  from space 2560K, 100% used [0x00000000eb780000,0x00000000eba00000,0x00000000eba00000)
  to   space 6144K, 0% used [0x00000000eaf80000,0x00000000eaf80000,0x00000000eb580000)
 ParOldGen       total 80384K, used 66196K [0x00000000c0000000, 0x00000000c4e80000, 0x00000000eab00000)
  object space 80384K, 82% used [0x00000000c0000000,0x00000000c40a5028,0x00000000c4e80000)
 Metaspace       used 67184K, committed 68416K, reserved 1114112K
  class space    used 7102K, committed 7616K, reserved 1048576K
}
Event: 8.713 GC heap after
{Heap after GC invocations=40 (full 4):
 PSYoungGen      total 10752K, used 3712K [0x00000000eab00000, 0x00000000eba00000, 0x0000000100000000)
  eden space 4608K, 0% used [0x00000000eab00000,0x00000000eab00000,0x00000000eaf80000)
  from space 6144K, 60% used [0x00000000eaf80000,0x00000000eb320000,0x00000000eb580000)
  to   space 4608K, 0% used [0x00000000eb580000,0x00000000eb580000,0x00000000eba00000)
 ParOldGen       total 80384K, used 68804K [0x00000000c0000000, 0x00000000c4e80000, 0x00000000eab00000)
  object space 80384K, 85% used [0x00000000c0000000,0x00000000c4331028,0x00000000c4e80000)
 Metaspace       used 67184K, committed 68416K, reserved 1114112K
  class space    used 7102K, committed 7616K, reserved 1048576K
}
Event: 8.719 GC heap before
{Heap before GC invocations=41 (full 4):
 PSYoungGen      total 10752K, used 8320K [0x00000000eab00000, 0x00000000eba00000, 0x0000000100000000)
  eden space 4608K, 100% used [0x00000000eab00000,0x00000000eaf80000,0x00000000eaf80000)
  from space 6144K, 60% used [0x00000000eaf80000,0x00000000eb320000,0x00000000eb580000)
  to   space 4608K, 0% used [0x00000000eb580000,0x00000000eb580000,0x00000000eba00000)
 ParOldGen       total 80384K, used 68804K [0x00000000c0000000, 0x00000000c4e80000, 0x00000000eab00000)
  object space 80384K, 85% used [0x00000000c0000000,0x00000000c4331028,0x00000000c4e80000)
 Metaspace       used 67184K, committed 68416K, reserved 1114112K
  class space    used 7102K, committed 7616K, reserved 1048576K
}
Event: 8.722 GC heap after
{Heap after GC invocations=41 (full 4):
 PSYoungGen      total 10240K, used 3648K [0x00000000eab00000, 0x00000000eb980000, 0x0000000100000000)
  eden space 6144K, 0% used [0x00000000eab00000,0x00000000eab00000,0x00000000eb100000)
  from space 4096K, 89% used [0x00000000eb580000,0x00000000eb910000,0x00000000eb980000)
  to   space 4096K, 0% used [0x00000000eb180000,0x00000000eb180000,0x00000000eb580000)
 ParOldGen       total 80384K, used 72380K [0x00000000c0000000, 0x00000000c4e80000, 0x00000000eab00000)
  object space 80384K, 90% used [0x00000000c0000000,0x00000000c46af028,0x00000000c4e80000)
 Metaspace       used 67184K, committed 68416K, reserved 1114112K
  class space    used 7102K, committed 7616K, reserved 1048576K
}
Event: 31.001 GC heap before
{Heap before GC invocations=42 (full 4):
 PSYoungGen      total 10240K, used 9772K [0x00000000eab00000, 0x00000000eb980000, 0x0000000100000000)
  eden space 6144K, 99% used [0x00000000eab00000,0x00000000eb0fb260,0x00000000eb100000)
  from space 4096K, 89% used [0x00000000eb580000,0x00000000eb910000,0x00000000eb980000)
  to   space 4096K, 0% used [0x00000000eb180000,0x00000000eb180000,0x00000000eb580000)
 ParOldGen       total 80384K, used 72380K [0x00000000c0000000, 0x00000000c4e80000, 0x00000000eab00000)
  object space 80384K, 90% used [0x00000000c0000000,0x00000000c46af028,0x00000000c4e80000)
 Metaspace       used 67226K, committed 68416K, reserved 1114112K
  class space    used 7102K, committed 7616K, reserved 1048576K
}
Event: 31.006 GC heap after
{Heap after GC invocations=42 (full 4):
 PSYoungGen      total 10240K, used 4080K [0x00000000eab00000, 0x00000000eba00000, 0x0000000100000000)
  eden space 6144K, 0% used [0x00000000eab00000,0x00000000eab00000,0x00000000eb100000)
  from space 4096K, 99% used [0x00000000eb180000,0x00000000eb57c020,0x00000000eb580000)
  to   space 4608K, 0% used [0x00000000eb580000,0x00000000eb580000,0x00000000eba00000)
 ParOldGen       total 80384K, used 75908K [0x00000000c0000000, 0x00000000c4e80000, 0x00000000eab00000)
  object space 80384K, 94% used [0x00000000c0000000,0x00000000c4a21028,0x00000000c4e80000)
 Metaspace       used 67226K, committed 68416K, reserved 1114112K
  class space    used 7102K, committed 7616K, reserved 1048576K
}

